{"C:\\PROJECTSPACE\\WorkSpace\\urBackend\\urbackend-sdk\\src\\client.ts": {"path":"C:\\PROJECTSPACE\\WorkSpace\\urBackend\\urbackend-sdk\\src\\client.ts","statementMap":{"0":{"start":{"line":15,"column":4},"end":{"line":15,"column":null}},"1":{"start":{"line":16,"column":4},"end":{"line":16,"column":null}},"2":{"start":{"line":18,"column":4},"end":{"line":21,"column":null}},"3":{"start":{"line":19,"column":6},"end":{"line":21,"column":null}},"4":{"start":{"line":26,"column":4},"end":{"line":27,"column":null}},"5":{"start":{"line":27,"column":6},"end":{"line":27,"column":null}},"6":{"start":{"line":29,"column":4},"end":{"line":29,"column":null}},"7":{"start":{"line":33,"column":4},"end":{"line":34,"column":null}},"8":{"start":{"line":34,"column":6},"end":{"line":34,"column":null}},"9":{"start":{"line":36,"column":4},"end":{"line":36,"column":null}},"10":{"start":{"line":40,"column":4},"end":{"line":41,"column":null}},"11":{"start":{"line":41,"column":6},"end":{"line":41,"column":null}},"12":{"start":{"line":43,"column":4},"end":{"line":43,"column":null}},"13":{"start":{"line":54,"column":16},"end":{"line":54,"column":null}},"14":{"start":{"line":55,"column":44},"end":{"line":60,"column":null}},"15":{"start":{"line":62,"column":4},"end":{"line":63,"column":null}},"16":{"start":{"line":63,"column":6},"end":{"line":63,"column":null}},"17":{"start":{"line":68,"column":4},"end":{"line":73,"column":null}},"18":{"start":{"line":70,"column":6},"end":{"line":70,"column":null}},"19":{"start":{"line":71,"column":15},"end":{"line":73,"column":null}},"20":{"start":{"line":72,"column":6},"end":{"line":72,"column":null}},"21":{"start":{"line":73,"column":6},"end":{"line":73,"column":null}},"22":{"start":{"line":76,"column":4},"end":{"line":103,"column":null}},"23":{"start":{"line":77,"column":23},"end":{"line":81,"column":8}},"24":{"start":{"line":83,"column":6},"end":{"line":84,"column":null}},"25":{"start":{"line":84,"column":8},"end":{"line":84,"column":null}},"26":{"start":{"line":87,"column":26},"end":{"line":87,"column":62}},"27":{"start":{"line":88,"column":6},"end":{"line":91,"column":null}},"28":{"start":{"line":89,"column":21},"end":{"line":89,"column":42}},"29":{"start":{"line":91,"column":8},"end":{"line":91,"column":null}},"30":{"start":{"line":94,"column":6},"end":{"line":94,"column":null}},"31":{"start":{"line":96,"column":6},"end":{"line":97,"column":null}},"32":{"start":{"line":97,"column":8},"end":{"line":97,"column":null}},"33":{"start":{"line":99,"column":6},"end":{"line":103,"column":null}}},"fnMap":{"0":{"name":"(anonymous_0)","decl":{"start":{"line":14,"column":2},"end":{"line":14,"column":14}},"loc":{"start":{"line":14,"column":39},"end":{"line":21,"column":null}},"line":14},"1":{"name":"(anonymous_1)","decl":{"start":{"line":25,"column":6},"end":{"line":25,"column":25}},"loc":{"start":{"line":25,"column":25},"end":{"line":29,"column":null}},"line":25},"2":{"name":"(anonymous_2)","decl":{"start":{"line":32,"column":6},"end":{"line":32,"column":27}},"loc":{"start":{"line":32,"column":27},"end":{"line":36,"column":null}},"line":32},"3":{"name":"(anonymous_3)","decl":{"start":{"line":39,"column":6},"end":{"line":39,"column":31}},"loc":{"start":{"line":39,"column":31},"end":{"line":43,"column":null}},"line":39},"4":{"name":"(anonymous_4)","decl":{"start":{"line":49,"column":15},"end":{"line":49,"column":null}},"loc":{"start":{"line":53,"column":16},"end":{"line":103,"column":null}},"line":53}},"branchMap":{"0":{"loc":{"start":{"line":16,"column":19},"end":{"line":16,"column":null}},"type":"binary-expr","locations":[{"start":{"line":16,"column":19},"end":{"line":16,"column":37}},{"start":{"line":16,"column":37},"end":{"line":16,"column":null}}],"line":16},"1":{"loc":{"start":{"line":18,"column":4},"end":{"line":21,"column":null}},"type":"if","locations":[{"start":{"line":18,"column":4},"end":{"line":21,"column":null}},{"start":{},"end":{}}],"line":18},"2":{"loc":{"start":{"line":26,"column":4},"end":{"line":27,"column":null}},"type":"if","locations":[{"start":{"line":26,"column":4},"end":{"line":27,"column":null}},{"start":{},"end":{}}],"line":26},"3":{"loc":{"start":{"line":33,"column":4},"end":{"line":34,"column":null}},"type":"if","locations":[{"start":{"line":33,"column":4},"end":{"line":34,"column":null}},{"start":{},"end":{}}],"line":33},"4":{"loc":{"start":{"line":40,"column":4},"end":{"line":41,"column":null}},"type":"if","locations":[{"start":{"line":40,"column":4},"end":{"line":41,"column":null}},{"start":{},"end":{}}],"line":40},"5":{"loc":{"start":{"line":52,"column":4},"end":{"line":52,"column":32}},"type":"default-arg","locations":[{"start":{"line":52,"column":30},"end":{"line":52,"column":32}}],"line":52},"6":{"loc":{"start":{"line":62,"column":4},"end":{"line":63,"column":null}},"type":"if","locations":[{"start":{"line":62,"column":4},"end":{"line":63,"column":null}},{"start":{},"end":{}}],"line":62},"7":{"loc":{"start":{"line":68,"column":4},"end":{"line":73,"column":null}},"type":"if","locations":[{"start":{"line":68,"column":4},"end":{"line":73,"column":null}},{"start":{"line":71,"column":15},"end":{"line":73,"column":null}}],"line":68},"8":{"loc":{"start":{"line":71,"column":15},"end":{"line":73,"column":null}},"type":"if","locations":[{"start":{"line":71,"column":15},"end":{"line":73,"column":null}},{"start":{},"end":{}}],"line":71},"9":{"loc":{"start":{"line":83,"column":6},"end":{"line":84,"column":null}},"type":"if","locations":[{"start":{"line":83,"column":6},"end":{"line":84,"column":null}},{"start":{},"end":{}}],"line":83},"10":{"loc":{"start":{"line":88,"column":6},"end":{"line":91,"column":null}},"type":"if","locations":[{"start":{"line":88,"column":6},"end":{"line":91,"column":null}},{"start":{},"end":{}}],"line":88},"11":{"loc":{"start":{"line":88,"column":10},"end":{"line":88,"column":65}},"type":"binary-expr","locations":[{"start":{"line":88,"column":10},"end":{"line":88,"column":25}},{"start":{"line":88,"column":25},"end":{"line":88,"column":65}}],"line":88},"12":{"loc":{"start":{"line":91,"column":15},"end":{"line":91,"column":null}},"type":"cond-expr","locations":[{"start":{"line":91,"column":41},"end":{"line":91,"column":53}},{"start":{"line":91,"column":53},"end":{"line":91,"column":null}}],"line":91},"13":{"loc":{"start":{"line":96,"column":6},"end":{"line":97,"column":null}},"type":"if","locations":[{"start":{"line":96,"column":6},"end":{"line":97,"column":null}},{"start":{},"end":{}}],"line":96},"14":{"loc":{"start":{"line":100,"column":8},"end":{"line":100,"column":null}},"type":"cond-expr","locations":[{"start":{"line":100,"column":33},"end":{"line":100,"column":49}},{"start":{"line":100,"column":49},"end":{"line":100,"column":null}}],"line":100}},"s":{"0":3,"1":3,"2":3,"3":0,"4":8,"5":1,"6":8,"7":7,"8":1,"9":7,"10":3,"11":1,"12":3,"13":16,"14":16,"15":16,"16":1,"17":16,"18":2,"19":14,"20":9,"21":9,"22":16,"23":16,"24":15,"25":5,"26":10,"27":10,"28":10,"29":10,"30":0,"31":6,"32":5,"33":1},"f":{"0":3,"1":8,"2":7,"3":3,"4":16},"b":{"0":[3,3],"1":[0,3],"2":[1,7],"3":[1,6],"4":[1,2],"5":[16],"6":[1,15],"7":[2,14],"8":[9,5],"9":[5,10],"10":[10,0],"11":[10,10],"12":[10,0],"13":[5,1],"14":[1,0]},"meta":{"lastBranch":15,"lastFunction":5,"lastStatement":34,"seen":{"f:14:2:14:14":0,"s:15:4:15:Infinity":0,"s:16:4:16:Infinity":1,"b:16:19:16:37:16:37:16:Infinity":0,"b:18:4:21:Infinity:undefined:undefined:undefined:undefined":1,"s:18:4:21:Infinity":2,"s:19:6:21:Infinity":3,"f:25:6:25:25":1,"b:26:4:27:Infinity:undefined:undefined:undefined:undefined":2,"s:26:4:27:Infinity":4,"s:27:6:27:Infinity":5,"s:29:4:29:Infinity":6,"f:32:6:32:27":2,"b:33:4:34:Infinity:undefined:undefined:undefined:undefined":3,"s:33:4:34:Infinity":7,"s:34:6:34:Infinity":8,"s:36:4:36:Infinity":9,"f:39:6:39:31":3,"b:40:4:41:Infinity:undefined:undefined:undefined:undefined":4,"s:40:4:41:Infinity":10,"s:41:6:41:Infinity":11,"s:43:4:43:Infinity":12,"f:49:15:49:Infinity":4,"b:52:30:52:32":5,"s:54:16:54:Infinity":13,"s:55:44:60:Infinity":14,"b:62:4:63:Infinity:undefined:undefined:undefined:undefined":6,"s:62:4:63:Infinity":15,"s:63:6:63:Infinity":16,"b:68:4:73:Infinity:71:15:73:Infinity":7,"s:68:4:73:Infinity":17,"s:70:6:70:Infinity":18,"b:71:15:73:Infinity:undefined:undefined:undefined:undefined":8,"s:71:15:73:Infinity":19,"s:72:6:72:Infinity":20,"s:73:6:73:Infinity":21,"s:76:4:103:Infinity":22,"s:77:23:81:8":23,"b:83:6:84:Infinity:undefined:undefined:undefined:undefined":9,"s:83:6:84:Infinity":24,"s:84:8:84:Infinity":25,"s:87:26:87:62":26,"b:88:6:91:Infinity:undefined:undefined:undefined:undefined":10,"s:88:6:91:Infinity":27,"b:88:10:88:25:88:25:88:65":11,"s:89:21:89:42":28,"s:91:8:91:Infinity":29,"b:91:41:91:53:91:53:91:Infinity":12,"s:94:6:94:Infinity":30,"b:96:6:97:Infinity:undefined:undefined:undefined:undefined":13,"s:96:6:97:Infinity":31,"s:97:8:97:Infinity":32,"s:99:6:103:Infinity":33,"b:100:33:100:49:100:49:100:Infinity":14}}}
,"C:\\PROJECTSPACE\\WorkSpace\\urBackend\\urbackend-sdk\\src\\errors.ts": {"path":"C:\\PROJECTSPACE\\WorkSpace\\urBackend\\urbackend-sdk\\src\\errors.ts","statementMap":{"0":{"start":{"line":7,"column":4},"end":{"line":7,"column":null}},"1":{"start":{"line":3,"column":11},"end":{"line":3,"column":null}},"2":{"start":{"line":4,"column":11},"end":{"line":4,"column":null}},"3":{"start":{"line":5,"column":11},"end":{"line":5,"column":null}},"4":{"start":{"line":8,"column":4},"end":{"line":8,"column":null}},"5":{"start":{"line":14,"column":4},"end":{"line":14,"column":null}},"6":{"start":{"line":15,"column":4},"end":{"line":15,"column":null}},"7":{"start":{"line":21,"column":4},"end":{"line":21,"column":null}},"8":{"start":{"line":22,"column":4},"end":{"line":22,"column":null}},"9":{"start":{"line":30,"column":4},"end":{"line":30,"column":null}},"10":{"start":{"line":31,"column":4},"end":{"line":31,"column":null}},"11":{"start":{"line":32,"column":4},"end":{"line":32,"column":null}},"12":{"start":{"line":38,"column":4},"end":{"line":38,"column":null}},"13":{"start":{"line":39,"column":4},"end":{"line":39,"column":null}},"14":{"start":{"line":45,"column":4},"end":{"line":45,"column":null}},"15":{"start":{"line":46,"column":4},"end":{"line":46,"column":null}},"16":{"start":{"line":51,"column":19},"end":{"line":51,"column":null}},"17":{"start":{"line":52,"column":16},"end":{"line":52,"column":null}},"18":{"start":{"line":55,"column":2},"end":{"line":62,"column":null}},"19":{"start":{"line":56,"column":4},"end":{"line":56,"column":null}},"20":{"start":{"line":57,"column":4},"end":{"line":58,"column":null}},"21":{"start":{"line":58,"column":6},"end":{"line":58,"column":null}},"22":{"start":{"line":62,"column":4},"end":{"line":62,"column":null}},"23":{"start":{"line":65,"column":17},"end":{"line":65,"column":null}},"24":{"start":{"line":67,"column":2},"end":{"line":68,"column":null}},"25":{"start":{"line":68,"column":4},"end":{"line":68,"column":null}},"26":{"start":{"line":71,"column":2},"end":{"line":72,"column":null}},"27":{"start":{"line":72,"column":4},"end":{"line":72,"column":null}},"28":{"start":{"line":75,"column":2},"end":{"line":77,"column":null}},"29":{"start":{"line":76,"column":23},"end":{"line":76,"column":58}},"30":{"start":{"line":77,"column":4},"end":{"line":77,"column":null}},"31":{"start":{"line":80,"column":2},"end":{"line":81,"column":null}},"32":{"start":{"line":81,"column":4},"end":{"line":81,"column":null}},"33":{"start":{"line":85,"column":2},"end":{"line":86,"column":null}},"34":{"start":{"line":86,"column":4},"end":{"line":86,"column":null}},"35":{"start":{"line":89,"column":2},"end":{"line":89,"column":null}}},"fnMap":{"0":{"name":"(anonymous_0)","decl":{"start":{"line":2,"column":2},"end":{"line":2,"column":null}},"loc":{"start":{"line":6,"column":4},"end":{"line":8,"column":null}},"line":6},"1":{"name":"(anonymous_1)","decl":{"start":{"line":13,"column":2},"end":{"line":13,"column":14}},"loc":{"start":{"line":13,"column":69},"end":{"line":15,"column":null}},"line":13},"2":{"name":"(anonymous_2)","decl":{"start":{"line":20,"column":2},"end":{"line":20,"column":14}},"loc":{"start":{"line":20,"column":49},"end":{"line":22,"column":null}},"line":20},"3":{"name":"(anonymous_3)","decl":{"start":{"line":29,"column":2},"end":{"line":29,"column":14}},"loc":{"start":{"line":29,"column":70},"end":{"line":32,"column":null}},"line":29},"4":{"name":"(anonymous_4)","decl":{"start":{"line":37,"column":2},"end":{"line":37,"column":14}},"loc":{"start":{"line":37,"column":69},"end":{"line":39,"column":null}},"line":37},"5":{"name":"(anonymous_5)","decl":{"start":{"line":44,"column":2},"end":{"line":44,"column":14}},"loc":{"start":{"line":44,"column":49},"end":{"line":46,"column":null}},"line":44},"6":{"name":"parseApiError","decl":{"start":{"line":50,"column":22},"end":{"line":50,"column":36}},"loc":{"start":{"line":50,"column":81},"end":{"line":89,"column":null}},"line":50}},"branchMap":{"0":{"loc":{"start":{"line":57,"column":4},"end":{"line":58,"column":null}},"type":"if","locations":[{"start":{"line":57,"column":4},"end":{"line":58,"column":null}},{"start":{},"end":{}}],"line":57},"1":{"loc":{"start":{"line":57,"column":8},"end":{"line":57,"column":72}},"type":"binary-expr","locations":[{"start":{"line":57,"column":8},"end":{"line":57,"column":36}},{"start":{"line":57,"column":36},"end":{"line":57,"column":53}},{"start":{"line":57,"column":53},"end":{"line":57,"column":72}}],"line":57},"2":{"loc":{"start":{"line":58,"column":17},"end":{"line":58,"column":null}},"type":"binary-expr","locations":[{"start":{"line":58,"column":17},"end":{"line":58,"column":57}},{"start":{"line":58,"column":57},"end":{"line":58,"column":null}}],"line":58},"3":{"loc":{"start":{"line":62,"column":14},"end":{"line":62,"column":null}},"type":"binary-expr","locations":[{"start":{"line":62,"column":14},"end":{"line":62,"column":37}},{"start":{"line":62,"column":37},"end":{"line":62,"column":null}}],"line":62},"4":{"loc":{"start":{"line":67,"column":2},"end":{"line":68,"column":null}},"type":"if","locations":[{"start":{"line":67,"column":2},"end":{"line":68,"column":null}},{"start":{},"end":{}}],"line":67},"5":{"loc":{"start":{"line":67,"column":6},"end":{"line":67,"column":40}},"type":"binary-expr","locations":[{"start":{"line":67,"column":6},"end":{"line":67,"column":24}},{"start":{"line":67,"column":24},"end":{"line":67,"column":40}}],"line":67},"6":{"loc":{"start":{"line":71,"column":2},"end":{"line":72,"column":null}},"type":"if","locations":[{"start":{"line":71,"column":2},"end":{"line":72,"column":null}},{"start":{},"end":{}}],"line":71},"7":{"loc":{"start":{"line":75,"column":2},"end":{"line":77,"column":null}},"type":"if","locations":[{"start":{"line":75,"column":2},"end":{"line":77,"column":null}},{"start":{},"end":{}}],"line":75},"8":{"loc":{"start":{"line":77,"column":49},"end":{"line":77,"column":99}},"type":"cond-expr","locations":[{"start":{"line":77,"column":62},"end":{"line":77,"column":86}},{"start":{"line":77,"column":89},"end":{"line":77,"column":99}}],"line":77},"9":{"loc":{"start":{"line":80,"column":2},"end":{"line":81,"column":null}},"type":"if","locations":[{"start":{"line":80,"column":2},"end":{"line":81,"column":null}},{"start":{},"end":{}}],"line":80},"10":{"loc":{"start":{"line":85,"column":2},"end":{"line":86,"column":null}},"type":"if","locations":[{"start":{"line":85,"column":2},"end":{"line":86,"column":null}},{"start":{},"end":{}}],"line":85}},"s":{"0":7,"1":7,"2":7,"3":7,"4":7,"5":2,"6":2,"7":1,"8":1,"9":1,"10":1,"11":1,"12":1,"13":1,"14":1,"15":1,"16":5,"17":5,"18":5,"19":5,"20":5,"21":5,"22":0,"23":5,"24":5,"25":1,"26":4,"27":1,"28":3,"29":1,"30":1,"31":2,"32":1,"33":1,"34":1,"35":0},"f":{"0":7,"1":2,"2":1,"3":1,"4":1,"5":1,"6":5},"b":{"0":[5,0],"1":[5,5,5],"2":[5,0],"3":[0,0],"4":[1,4],"5":[5,4],"6":[1,3],"7":[1,2],"8":[1,0],"9":[1,1],"10":[1,0]},"meta":{"lastBranch":11,"lastFunction":7,"lastStatement":36,"seen":{"f:2:2:2:Infinity":0,"s:7:4:7:Infinity":0,"s:3:11:3:Infinity":1,"s:4:11:4:Infinity":2,"s:5:11:5:Infinity":3,"s:8:4:8:Infinity":4,"f:13:2:13:14":1,"s:14:4:14:Infinity":5,"s:15:4:15:Infinity":6,"f:20:2:20:14":2,"s:21:4:21:Infinity":7,"s:22:4:22:Infinity":8,"f:29:2:29:14":3,"s:30:4:30:Infinity":9,"s:31:4:31:Infinity":10,"s:32:4:32:Infinity":11,"f:37:2:37:14":4,"s:38:4:38:Infinity":12,"s:39:4:39:Infinity":13,"f:44:2:44:14":5,"s:45:4:45:Infinity":14,"s:46:4:46:Infinity":15,"f:50:22:50:36":6,"s:51:19:51:Infinity":16,"s:52:16:52:Infinity":17,"s:55:2:62:Infinity":18,"s:56:4:56:Infinity":19,"b:57:4:58:Infinity:undefined:undefined:undefined:undefined":0,"s:57:4:58:Infinity":20,"b:57:8:57:36:57:36:57:53:57:53:57:72":1,"s:58:6:58:Infinity":21,"b:58:17:58:57:58:57:58:Infinity":2,"s:62:4:62:Infinity":22,"b:62:14:62:37:62:37:62:Infinity":3,"s:65:17:65:Infinity":23,"b:67:2:68:Infinity:undefined:undefined:undefined:undefined":4,"s:67:2:68:Infinity":24,"b:67:6:67:24:67:24:67:40":5,"s:68:4:68:Infinity":25,"b:71:2:72:Infinity:undefined:undefined:undefined:undefined":6,"s:71:2:72:Infinity":26,"s:72:4:72:Infinity":27,"b:75:2:77:Infinity:undefined:undefined:undefined:undefined":7,"s:75:2:77:Infinity":28,"s:76:23:76:58":29,"s:77:4:77:Infinity":30,"b:77:62:77:86:77:89:77:99":8,"b:80:2:81:Infinity:undefined:undefined:undefined:undefined":9,"s:80:2:81:Infinity":31,"s:81:4:81:Infinity":32,"b:85:2:86:Infinity:undefined:undefined:undefined:undefined":10,"s:85:2:86:Infinity":33,"s:86:4:86:Infinity":34,"s:89:2:89:Infinity":35}}}
,"C:\\PROJECTSPACE\\WorkSpace\\urBackend\\urbackend-sdk\\src\\index.ts": {"path":"C:\\PROJECTSPACE\\WorkSpace\\urBackend\\urbackend-sdk\\src\\index.ts","statementMap":{"0":{"start":{"line":12,"column":2},"end":{"line":12,"column":null}}},"fnMap":{"0":{"name":"urBackend","decl":{"start":{"line":11,"column":24},"end":{"line":11,"column":34}},"loc":{"start":{"line":11,"column":76},"end":{"line":12,"column":null}},"line":11}},"branchMap":{},"s":{"0":3},"f":{"0":3},"b":{},"meta":{"lastBranch":0,"lastFunction":1,"lastStatement":1,"seen":{"f:11:24:11:34":0,"s:12:2:12:Infinity":0}}}
,"C:\\PROJECTSPACE\\WorkSpace\\urBackend\\urbackend-sdk\\src\\modules\\auth.ts": {"path":"C:\\PROJECTSPACE\\WorkSpace\\urBackend\\urbackend-sdk\\src\\modules\\auth.ts","statementMap":{"0":{"start":{"line":8,"column":22},"end":{"line":8,"column":47}},"1":{"start":{"line":14,"column":4},"end":{"line":14,"column":null}},"2":{"start":{"line":21,"column":21},"end":{"line":23,"column":6}},"3":{"start":{"line":24,"column":4},"end":{"line":24,"column":null}},"4":{"start":{"line":25,"column":4},"end":{"line":25,"column":null}},"5":{"start":{"line":32,"column":24},"end":{"line":32,"column":null}},"6":{"start":{"line":34,"column":4},"end":{"line":35,"column":null}},"7":{"start":{"line":35,"column":6},"end":{"line":35,"column":null}},"8":{"start":{"line":38,"column":4},"end":{"line":38,"column":null}},"9":{"start":{"line":45,"column":4},"end":{"line":45,"column":null}}},"fnMap":{"0":{"name":"(anonymous_0)","decl":{"start":{"line":8,"column":2},"end":{"line":8,"column":14}},"loc":{"start":{"line":8,"column":47},"end":{"line":8,"column":47}},"line":8},"1":{"name":"(anonymous_1)","decl":{"start":{"line":13,"column":15},"end":{"line":13,"column":22}},"loc":{"start":{"line":13,"column":65},"end":{"line":14,"column":null}},"line":13},"2":{"name":"(anonymous_2)","decl":{"start":{"line":20,"column":15},"end":{"line":20,"column":21}},"loc":{"start":{"line":20,"column":67},"end":{"line":25,"column":null}},"line":20},"3":{"name":"(anonymous_3)","decl":{"start":{"line":31,"column":15},"end":{"line":31,"column":18}},"loc":{"start":{"line":31,"column":53},"end":{"line":38,"column":null}},"line":31},"4":{"name":"(anonymous_4)","decl":{"start":{"line":44,"column":2},"end":{"line":44,"column":9}},"loc":{"start":{"line":44,"column":24},"end":{"line":45,"column":null}},"line":44}},"branchMap":{"0":{"loc":{"start":{"line":32,"column":24},"end":{"line":32,"column":null}},"type":"binary-expr","locations":[{"start":{"line":32,"column":24},"end":{"line":32,"column":33}},{"start":{"line":32,"column":33},"end":{"line":32,"column":null}}],"line":32},"1":{"loc":{"start":{"line":34,"column":4},"end":{"line":35,"column":null}},"type":"if","locations":[{"start":{"line":34,"column":4},"end":{"line":35,"column":null}},{"start":{},"end":{}}],"line":34}},"s":{"0":1,"1":1,"2":4,"3":2,"4":2,"5":2,"6":2,"7":1,"8":1,"9":1},"f":{"0":1,"1":1,"2":4,"3":2,"4":1},"b":{"0":[2,2],"1":[1,1]},"meta":{"lastBranch":2,"lastFunction":5,"lastStatement":10,"seen":{"f:8:2:8:14":0,"s:8:22:8:47":0,"f:13:15:13:22":1,"s:14:4:14:Infinity":1,"f:20:15:20:21":2,"s:21:21:23:6":2,"s:24:4:24:Infinity":3,"s:25:4:25:Infinity":4,"f:31:15:31:18":3,"s:32:24:32:Infinity":5,"b:32:24:32:33:32:33:32:Infinity":0,"b:34:4:35:Infinity:undefined:undefined:undefined:undefined":1,"s:34:4:35:Infinity":6,"s:35:6:35:Infinity":7,"s:38:4:38:Infinity":8,"f:44:2:44:9":4,"s:45:4:45:Infinity":9}}}
,"C:\\PROJECTSPACE\\WorkSpace\\urBackend\\urbackend-sdk\\src\\modules\\database.ts": {"path":"C:\\PROJECTSPACE\\WorkSpace\\urBackend\\urbackend-sdk\\src\\modules\\database.ts","statementMap":{"0":{"start":{"line":6,"column":22},"end":{"line":6,"column":47}},"1":{"start":{"line":12,"column":4},"end":{"line":18,"column":null}},"2":{"start":{"line":13,"column":6},"end":{"line":13,"column":null}},"3":{"start":{"line":15,"column":6},"end":{"line":16,"column":null}},"4":{"start":{"line":16,"column":8},"end":{"line":16,"column":null}},"5":{"start":{"line":18,"column":6},"end":{"line":18,"column":null}},"6":{"start":{"line":26,"column":4},"end":{"line":26,"column":null}},"7":{"start":{"line":33,"column":4},"end":{"line":33,"column":null}},"8":{"start":{"line":44,"column":4},"end":{"line":44,"column":null}},"9":{"start":{"line":51,"column":4},"end":{"line":51,"column":null}}},"fnMap":{"0":{"name":"(anonymous_0)","decl":{"start":{"line":6,"column":2},"end":{"line":6,"column":14}},"loc":{"start":{"line":6,"column":47},"end":{"line":6,"column":47}},"line":6},"1":{"name":"(anonymous_1)","decl":{"start":{"line":11,"column":15},"end":{"line":11,"column":46}},"loc":{"start":{"line":11,"column":80},"end":{"line":18,"column":null}},"line":11},"2":{"name":"(anonymous_2)","decl":{"start":{"line":25,"column":15},"end":{"line":25,"column":46}},"loc":{"start":{"line":25,"column":90},"end":{"line":26,"column":null}},"line":25},"3":{"name":"(anonymous_3)","decl":{"start":{"line":32,"column":15},"end":{"line":32,"column":46}},"loc":{"start":{"line":32,"column":99},"end":{"line":33,"column":null}},"line":32},"4":{"name":"(anonymous_4)","decl":{"start":{"line":39,"column":15},"end":{"line":39,"column":null}},"loc":{"start":{"line":43,"column":16},"end":{"line":44,"column":null}},"line":43},"5":{"name":"(anonymous_5)","decl":{"start":{"line":50,"column":15},"end":{"line":50,"column":22}},"loc":{"start":{"line":50,"column":85},"end":{"line":51,"column":null}},"line":50}},"branchMap":{"0":{"loc":{"start":{"line":15,"column":6},"end":{"line":16,"column":null}},"type":"if","locations":[{"start":{"line":15,"column":6},"end":{"line":16,"column":null}},{"start":{},"end":{}}],"line":15}},"s":{"0":1,"1":2,"2":2,"3":1,"4":0,"5":1,"6":1,"7":2,"8":1,"9":1},"f":{"0":1,"1":2,"2":1,"3":2,"4":1,"5":1},"b":{"0":[0,1]},"meta":{"lastBranch":1,"lastFunction":6,"lastStatement":10,"seen":{"f:6:2:6:14":0,"s:6:22:6:47":0,"f:11:15:11:46":1,"s:12:4:18:Infinity":1,"s:13:6:13:Infinity":2,"b:15:6:16:Infinity:undefined:undefined:undefined:undefined":0,"s:15:6:16:Infinity":3,"s:16:8:16:Infinity":4,"s:18:6:18:Infinity":5,"f:25:15:25:46":2,"s:26:4:26:Infinity":6,"f:32:15:32:46":3,"s:33:4:33:Infinity":7,"f:39:15:39:Infinity":4,"s:44:4:44:Infinity":8,"f:50:15:50:22":5,"s:51:4:51:Infinity":9}}}
,"C:\\PROJECTSPACE\\WorkSpace\\urBackend\\urbackend-sdk\\src\\modules\\storage.ts": {"path":"C:\\PROJECTSPACE\\WorkSpace\\urBackend\\urbackend-sdk\\src\\modules\\storage.ts","statementMap":{"0":{"start":{"line":6,"column":22},"end":{"line":6,"column":47}},"1":{"start":{"line":12,"column":21},"end":{"line":12,"column":35}},"2":{"start":{"line":14,"column":4},"end":{"line":24,"column":null}},"3":{"start":{"line":20,"column":19},"end":{"line":20,"column":58}},"4":{"start":{"line":21,"column":6},"end":{"line":21,"column":null}},"5":{"start":{"line":24,"column":6},"end":{"line":24,"column":null}},"6":{"start":{"line":27,"column":4},"end":{"line":30,"column":null}},"7":{"start":{"line":37,"column":4},"end":{"line":39,"column":null}}},"fnMap":{"0":{"name":"(anonymous_0)","decl":{"start":{"line":6,"column":2},"end":{"line":6,"column":14}},"loc":{"start":{"line":6,"column":47},"end":{"line":6,"column":47}},"line":6},"1":{"name":"(anonymous_1)","decl":{"start":{"line":11,"column":15},"end":{"line":11,"column":22}},"loc":{"start":{"line":11,"column":81},"end":{"line":30,"column":null}},"line":11},"2":{"name":"(anonymous_2)","decl":{"start":{"line":36,"column":15},"end":{"line":36,"column":26}},"loc":{"start":{"line":36,"column":71},"end":{"line":39,"column":null}},"line":36}},"branchMap":{"0":{"loc":{"start":{"line":14,"column":4},"end":{"line":24,"column":null}},"type":"if","locations":[{"start":{"line":14,"column":4},"end":{"line":24,"column":null}},{"start":{"line":22,"column":11},"end":{"line":24,"column":null}}],"line":14},"1":{"loc":{"start":{"line":15,"column":6},"end":{"line":17,"column":27}},"type":"binary-expr","locations":[{"start":{"line":15,"column":6},"end":{"line":15,"column":null}},{"start":{"line":16,"column":6},"end":{"line":16,"column":null}},{"start":{"line":17,"column":6},"end":{"line":17,"column":27}}],"line":15},"2":{"loc":{"start":{"line":21,"column":36},"end":{"line":21,"column":55}},"type":"binary-expr","locations":[{"start":{"line":21,"column":36},"end":{"line":21,"column":48}},{"start":{"line":21,"column":48},"end":{"line":21,"column":55}}],"line":21}},"s":{"0":1,"1":2,"2":2,"3":2,"4":2,"5":0,"6":2,"7":1},"f":{"0":1,"1":2,"2":1},"b":{"0":[2,0],"1":[2,2,2],"2":[2,1]},"meta":{"lastBranch":3,"lastFunction":3,"lastStatement":8,"seen":{"f:6:2:6:14":0,"s:6:22:6:47":0,"f:11:15:11:22":1,"s:12:21:12:35":1,"b:14:4:24:Infinity:22:11:24:Infinity":0,"s:14:4:24:Infinity":2,"b:15:6:15:Infinity:16:6:16:Infinity:17:6:17:27":1,"s:20:19:20:58":3,"s:21:6:21:Infinity":4,"b:21:36:21:48:21:48:21:55":2,"s:24:6:24:Infinity":5,"s:27:4:30:Infinity":6,"f:36:15:36:26":2,"s:37:4:39:Infinity":7}}}
,"C:\\PROJECTSPACE\\WorkSpace\\urBackend\\urbackend-sdk\\src\\types\\index.ts": {"path":"C:\\PROJECTSPACE\\WorkSpace\\urBackend\\urbackend-sdk\\src\\types\\index.ts","statementMap":{},"fnMap":{},"branchMap":{},"s":{},"f":{},"b":{},"meta":{"lastBranch":0,"lastFunction":0,"lastStatement":0,"seen":{}}}
}
